[25Sep2025 09:59:41.777] [main/INFO] [com.hecookin.adastramekanized.AdAstraMekanized/]: Starting planet generation with PlanetMaker...
[25Sep2025 09:59:41.801] [main/INFO] [com.hecookin.adastramekanized.AdAstraMekanized/]: Generating planets using PlanetMaker system...
[25Sep2025 09:59:41.812] [main/INFO] [com.hecookin.adastramekanized.AdAstraMekanized/]: Generating ore features for planet: moon
[25Sep2025 09:59:41.813] [main/INFO] [com.hecookin.adastramekanized.AdAstraMekanized/]: Generating configured ores: [gold, diamond, iron, copper, coal, redstone]
[25Sep2025 09:59:41.814] [main/DEBUG] [com.hecookin.adastramekanized.AdAstraMekanized/]: Writing configured feature to: src/main/resources/data/adastramekanized/worldgen/configured_feature/moon_ore_gold_simple.json
[25Sep2025 09:59:41.816] [main/DEBUG] [com.hecookin.adastramekanized.AdAstraMekanized/]: Writing placed feature to: src/main/resources/data/adastramekanized/worldgen/placed_feature/moon_ore_gold_simple.json
[25Sep2025 09:59:41.817] [main/DEBUG] [com.hecookin.adastramekanized.AdAstraMekanized/]: Writing configured feature to: src/main/resources/data/adastramekanized/worldgen/configured_feature/moon_ore_diamond_simple.json
[25Sep2025 09:59:41.819] [main/DEBUG] [com.hecookin.adastramekanized.AdAstraMekanized/]: Writing placed feature to: src/main/resources/data/adastramekanized/worldgen/placed_feature/moon_ore_diamond_simple.json
[25Sep2025 09:59:41.819] [main/DEBUG] [com.hecookin.adastramekanized.AdAstraMekanized/]: Writing configured feature to: src/main/resources/data/adastramekanized/worldgen/configured_feature/moon_ore_iron_simple.json
[25Sep2025 09:59:41.821] [main/DEBUG] [com.hecookin.adastramekanized.AdAstraMekanized/]: Writing placed feature to: src/main/resources/data/adastramekanized/worldgen/placed_feature/moon_ore_iron_simple.json
[25Sep2025 09:59:41.821] [main/DEBUG] [com.hecookin.adastramekanized.AdAstraMekanized/]: Writing configured feature to: src/main/resources/data/adastramekanized/worldgen/configured_feature/moon_ore_copper_simple.json
[25Sep2025 09:59:41.823] [main/DEBUG] [com.hecookin.adastramekanized.AdAstraMekanized/]: Writing placed feature to: src/main/resources/data/adastramekanized/worldgen/placed_feature/moon_ore_copper_simple.json
[25Sep2025 09:59:41.823] [main/DEBUG] [com.hecookin.adastramekanized.AdAstraMekanized/]: Writing configured feature to: src/main/resources/data/adastramekanized/worldgen/configured_feature/moon_ore_coal_simple.json
[25Sep2025 09:59:41.824] [main/DEBUG] [com.hecookin.adastramekanized.AdAstraMekanized/]: Writing placed feature to: src/main/resources/data/adastramekanized/worldgen/placed_feature/moon_ore_coal_simple.json
[25Sep2025 09:59:41.824] [main/DEBUG] [com.hecookin.adastramekanized.AdAstraMekanized/]: Writing configured feature to: src/main/resources/data/adastramekanized/worldgen/configured_feature/moon_ore_redstone_simple.json
[25Sep2025 09:59:41.825] [main/DEBUG] [com.hecookin.adastramekanized.AdAstraMekanized/]: Writing placed feature to: src/main/resources/data/adastramekanized/worldgen/placed_feature/moon_ore_redstone_simple.json
[25Sep2025 09:59:41.825] [main/INFO] [com.hecookin.adastramekanized.AdAstraMekanized/]: Completed generating ore features for planet: moon
[25Sep2025 09:59:41.826] [main/INFO] [com.hecookin.adastramekanized.AdAstraMekanized/]: Generated planet: moon
[25Sep2025 09:59:41.828] [main/INFO] [com.hecookin.adastramekanized.AdAstraMekanized/]: Generating ore features for planet: cavetest
[25Sep2025 09:59:41.829] [main/INFO] [com.hecookin.adastramekanized.AdAstraMekanized/]: Generating configured ores: [lapis]
[25Sep2025 09:59:41.829] [main/DEBUG] [com.hecookin.adastramekanized.AdAstraMekanized/]: Writing configured feature to: src/main/resources/data/adastramekanized/worldgen/configured_feature/cavetest_ore_lapis_simple.json
[25Sep2025 09:59:41.830] [main/DEBUG] [com.hecookin.adastramekanized.AdAstraMekanized/]: Writing placed feature to: src/main/resources/data/adastramekanized/worldgen/placed_feature/cavetest_ore_lapis_simple.json
[25Sep2025 09:59:41.830] [main/INFO] [com.hecookin.adastramekanized.AdAstraMekanized/]: Completed generating ore features for planet: cavetest
[25Sep2025 09:59:41.831] [main/INFO] [com.hecookin.adastramekanized.AdAstraMekanized/]: Generated planet: cavetest
[25Sep2025 09:59:41.831] [main/INFO] [com.hecookin.adastramekanized.AdAstraMekanized/]: Completed generating 2 planets
[25Sep2025 09:59:41.831] [main/INFO] [com.hecookin.adastramekanized.AdAstraMekanized/]: Planet generation uses multi-noise biome sources for variety
[25Sep2025 09:59:41.832] [main/INFO] [com.hecookin.adastramekanized.AdAstraMekanized/]: Planet generation completed successfully!
