[25Sep2025 10:53:41.307] [main/INFO] [com.hecookin.adastramekanized.AdAstraMekanized/]: Starting planet generation with PlanetMaker...
[25Sep2025 10:53:41.334] [main/INFO] [com.hecookin.adastramekanized.AdAstraMekanized/]: Generating planets using PlanetMaker system...
[25Sep2025 10:53:41.344] [main/INFO] [com.hecookin.adastramekanized.AdAstraMekanized/]: Generating ore features for planet: moon
[25Sep2025 10:53:41.344] [main/INFO] [com.hecookin.adastramekanized.AdAstraMekanized/]: Generating configured ores: [gold, diamond, iron, copper, coal, redstone]
[25Sep2025 10:53:41.353] [main/INFO] [com.hecookin.adastramekanized.AdAstraMekanized/]: Completed generating ore features for planet: moon
[25Sep2025 10:53:41.354] [main/INFO] [com.hecookin.adastramekanized.AdAstraMekanized/]: Generated planet: moon
[25Sep2025 10:53:41.356] [main/INFO] [com.hecookin.adastramekanized.AdAstraMekanized/]: Generating ore features for planet: cavetest
[25Sep2025 10:53:41.357] [main/INFO] [com.hecookin.adastramekanized.AdAstraMekanized/]: Generating configured ores: [lapis]
[25Sep2025 10:53:41.358] [main/INFO] [com.hecookin.adastramekanized.AdAstraMekanized/]: Completed generating ore features for planet: cavetest
[25Sep2025 10:53:41.358] [main/INFO] [com.hecookin.adastramekanized.AdAstraMekanized/]: Generated planet: cavetest
[25Sep2025 10:53:41.359] [main/INFO] [com.hecookin.adastramekanized.AdAstraMekanized/]: Generating ore features for planet: mars
[25Sep2025 10:53:41.360] [main/INFO] [com.hecookin.adastramekanized.AdAstraMekanized/]: No ores configured, using comprehensive ore list: [coal, bauxite, aluminum, platinum, silver, zinc, lead, tin, osmium, iron, uranium, lapis, redstone, diamond, nickel, fluorite, copper, gold, emerald, tungsten]
[25Sep2025 10:53:41.376] [main/INFO] [com.hecookin.adastramekanized.AdAstraMekanized/]: Completed generating ore features for planet: mars
[25Sep2025 10:53:41.377] [main/INFO] [com.hecookin.adastramekanized.AdAstraMekanized/]: Generated planet: mars
[25Sep2025 10:53:41.379] [main/INFO] [com.hecookin.adastramekanized.AdAstraMekanized/]: Generating ore features for planet: hemphy
[25Sep2025 10:53:41.379] [main/INFO] [com.hecookin.adastramekanized.AdAstraMekanized/]: No ores configured, using comprehensive ore list: [coal, bauxite, aluminum, platinum, silver, zinc, lead, tin, osmium, iron, uranium, lapis, redstone, diamond, nickel, fluorite, copper, gold, emerald, tungsten]
[25Sep2025 10:53:41.392] [main/INFO] [com.hecookin.adastramekanized.AdAstraMekanized/]: Completed generating ore features for planet: hemphy
[25Sep2025 10:53:41.393] [main/INFO] [com.hecookin.adastramekanized.AdAstraMekanized/]: Generated planet: hemphy
[25Sep2025 10:53:41.395] [main/INFO] [com.hecookin.adastramekanized.AdAstraMekanized/]: Generating ore features for planet: oretest
[25Sep2025 10:53:41.395] [main/INFO] [com.hecookin.adastramekanized.AdAstraMekanized/]: No ores configured, using comprehensive ore list: [coal, bauxite, aluminum, platinum, silver, zinc, lead, tin, osmium, iron, uranium, lapis, redstone, diamond, nickel, fluorite, copper, gold, emerald, tungsten]
[25Sep2025 10:53:41.413] [main/INFO] [com.hecookin.adastramekanized.AdAstraMekanized/]: Completed generating ore features for planet: oretest
[25Sep2025 10:53:41.414] [main/INFO] [com.hecookin.adastramekanized.AdAstraMekanized/]: Generated planet: oretest
[25Sep2025 10:53:41.415] [main/INFO] [com.hecookin.adastramekanized.AdAstraMekanized/]: Completed generating 5 planets
[25Sep2025 10:53:41.415] [main/INFO] [com.hecookin.adastramekanized.AdAstraMekanized/]: Planet generation uses multi-noise biome sources for variety
[25Sep2025 10:53:41.415] [main/INFO] [com.hecookin.adastramekanized.AdAstraMekanized/]: Planet generation completed successfully!
